[debug] [2021-04-08T13:14:22.361Z] ----------------------------------------------------------------------
[debug] [2021-04-08T13:14:22.364Z] Command:       C:\Program Files\nodejs\node.exe C:\Users\A716420\AppData\Roaming\npm\node_modules\firebase-tools\lib\bin\firebase.js init
[debug] [2021-04-08T13:14:22.364Z] CLI Version:   9.9.0
[debug] [2021-04-08T13:14:22.365Z] Platform:      win32
[debug] [2021-04-08T13:14:22.365Z] Node Version:  v13.12.0
[debug] [2021-04-08T13:14:22.366Z] Time:          Thu Apr 08 2021 18:44:22 GMT+0530 (India Standard Time)
[debug] [2021-04-08T13:14:22.366Z] ----------------------------------------------------------------------
[debug] 
[debug] [2021-04-08T13:14:22.376Z] > command requires scopes: ["email","openid","https://www.googleapis.com/auth/cloudplatformprojects.readonly","https://www.googleapis.com/auth/firebase","https://www.googleapis.com/auth/cloud-platform"]
[debug] [2021-04-08T13:14:22.377Z] > authorizing via signed-in user (sushmaruttam@gmail.com)
[info] 
     ######## #### ########  ######## ########     ###     ######  ########
     ##        ##  ##     ## ##       ##     ##  ##   ##  ##       ##
     ######    ##  ########  ######   ########  #########  ######  ######
     ##        ##  ##    ##  ##       ##     ## ##     ##       ## ##
     ##       #### ##     ## ######## ########  ##     ##  ######  ########

You're about to initialize a Firebase project in this directory:

  C:\Users\A716420\Angular\tic-tac-toe

Before we get started, keep in mind:

  * You are initializing in an existing Firebase project directory

[info] 
=== Project Setup
[info] 
[info] First, let's associate this project directory with a Firebase project.
[info] You can create multiple project aliases by running firebase use --add, 
[info] but for now we'll just set up a default project.
[info] 
[debug] [2021-04-08T13:14:58.699Z] ----------------------------------------------------------------------
[debug] [2021-04-08T13:14:58.703Z] Command:       C:\Program Files\nodejs\node.exe C:\Users\A716420\AppData\Roaming\npm\node_modules\firebase-tools\lib\bin\firebase.js init hosting
[debug] [2021-04-08T13:14:58.703Z] CLI Version:   9.9.0
[debug] [2021-04-08T13:14:58.703Z] Platform:      win32
[debug] [2021-04-08T13:14:58.704Z] Node Version:  v13.12.0
[debug] [2021-04-08T13:14:58.706Z] Time:          Thu Apr 08 2021 18:44:58 GMT+0530 (India Standard Time)
[debug] [2021-04-08T13:14:58.706Z] ----------------------------------------------------------------------
[debug] 
[debug] [2021-04-08T13:14:58.721Z] > command requires scopes: ["email","openid","https://www.googleapis.com/auth/cloudplatformprojects.readonly","https://www.googleapis.com/auth/firebase","https://www.googleapis.com/auth/cloud-platform"]
[debug] [2021-04-08T13:14:58.721Z] > authorizing via signed-in user (sushmaruttam@gmail.com)
[info] 
     ######## #### ########  ######## ########     ###     ######  ########
     ##        ##  ##     ## ##       ##     ##  ##   ##  ##       ##
     ######    ##  ########  ######   ########  #########  ######  ######
     ##        ##  ##    ##  ##       ##     ## ##     ##       ## ##
     ##       #### ##     ## ######## ########  ##     ##  ######  ########

You're about to initialize a Firebase project in this directory:

  C:\Users\A716420\Angular\tic-tac-toe

Before we get started, keep in mind:

  * You are initializing in an existing Firebase project directory

[info] 
=== Project Setup
[info] 
[info] First, let's associate this project directory with a Firebase project.
[info] You can create multiple project aliases by running firebase use --add, 
[info] but for now we'll just set up a default project.
[info] 
[debug] [2021-04-08T13:15:16.475Z] > refreshing access token with scopes: []
[debug] [2021-04-08T13:15:16.477Z] >>> HTTP REQUEST POST https://www.googleapis.com/oauth2/v3/token  
 <request body omitted>
[debug] [2021-04-08T13:15:17.145Z] <<< HTTP RESPONSE 200 {"cache-control":"no-cache, no-store, max-age=0, must-revalidate","pragma":"no-cache","date":"Thu, 08 Apr 2021 13:15:17 GMT","expires":"Mon, 01 Jan 1990 00:00:00 GMT","content-type":"application/json; charset=utf-8","vary":"X-Origin, Referer, Origin,Accept-Encoding","server":"scaffolding on HTTPServer2","x-xss-protection":"0","x-frame-options":"SAMEORIGIN","x-content-type-options":"nosniff","alt-svc":"h3-29=\":443\"; ma=2592000,h3-T051=\":443\"; ma=2592000,h3-Q050=\":443\"; ma=2592000,h3-Q046=\":443\"; ma=2592000,h3-Q043=\":443\"; ma=2592000,quic=\":443\"; ma=2592000; v=\"46,43\"","accept-ranges":"none","transfer-encoding":"chunked"}
[debug] [2021-04-08T13:15:17.240Z] >>> [apiv2][query] GET https://firebase.googleapis.com/v1beta1/projects pageSize=100
[debug] [2021-04-08T13:15:22.694Z] <<< [apiv2][status] GET https://firebase.googleapis.com/v1beta1/projects 200
[debug] [2021-04-08T13:15:22.694Z] <<< [apiv2][body] GET https://firebase.googleapis.com/v1beta1/projects [omitted]
[info] i  Using project tic-tac-toe-584f6 (tic-tac-toe) 
[info] 
=== Hosting Setup
[info] 
[info] Your public directory is the folder (relative to your project directory) that
[info] will contain Hosting assets to be uploaded with firebase deploy. If you
[info] have a build process for your assets, use your build's output directory.
[info] 
[debug] [2021-04-08T13:20:51.782Z] ----------------------------------------------------------------------
[debug] [2021-04-08T13:20:51.787Z] Command:       C:\Program Files\nodejs\node.exe C:\Users\A716420\AppData\Roaming\npm\node_modules\firebase-tools\lib\bin\firebase.js init hosting
[debug] [2021-04-08T13:20:51.788Z] CLI Version:   9.9.0
[debug] [2021-04-08T13:20:51.788Z] Platform:      win32
[debug] [2021-04-08T13:20:51.788Z] Node Version:  v13.12.0
[debug] [2021-04-08T13:20:51.792Z] Time:          Thu Apr 08 2021 18:50:51 GMT+0530 (India Standard Time)
[debug] [2021-04-08T13:20:51.792Z] ----------------------------------------------------------------------
[debug] 
[debug] [2021-04-08T13:20:51.863Z] > command requires scopes: ["email","openid","https://www.googleapis.com/auth/cloudplatformprojects.readonly","https://www.googleapis.com/auth/firebase","https://www.googleapis.com/auth/cloud-platform"]
[debug] [2021-04-08T13:20:51.864Z] > authorizing via signed-in user (sushmaruttam@gmail.com)
[info] 
     ######## #### ########  ######## ########     ###     ######  ########
     ##        ##  ##     ## ##       ##     ##  ##   ##  ##       ##
     ######    ##  ########  ######   ########  #########  ######  ######
     ##        ##  ##    ##  ##       ##     ## ##     ##       ## ##
     ##       #### ##     ## ######## ########  ##     ##  ######  ########

You're about to initialize a Firebase project in this directory:

  C:\Users\A716420\Angular\tic-tac-toe

Before we get started, keep in mind:

  * You are initializing in an existing Firebase project directory

[info] 
=== Project Setup
[info] 
[info] First, let's associate this project directory with a Firebase project.
[info] You can create multiple project aliases by running firebase use --add, 
[info] but for now we'll just set up a default project.
[info] 
[debug] [2021-04-08T13:20:54.322Z] >>> [apiv2][query] GET https://firebase.googleapis.com/v1beta1/projects/tic-tac-toe-584f6 [none]
[debug] [2021-04-08T13:20:59.385Z] <<< [apiv2][status] GET https://firebase.googleapis.com/v1beta1/projects/tic-tac-toe-584f6 200
[debug] [2021-04-08T13:20:59.386Z] <<< [apiv2][body] GET https://firebase.googleapis.com/v1beta1/projects/tic-tac-toe-584f6 {"projectId":"tic-tac-toe-584f6","projectNumber":"490589834772","displayName":"tic-tac-toe","name":"projects/tic-tac-toe-584f6","resources":{"hostingSite":"tic-tac-toe-584f6"},"state":"ACTIVE"}
[info] i  Using project tic-tac-toe-584f6 (tic-tac-toe) 
[info] 
=== Hosting Setup
[info] 
[info] Your public directory is the folder (relative to your project directory) that
[info] will contain Hosting assets to be uploaded with firebase deploy. If you
[info] have a build process for your assets, use your build's output directory.
[info] 
[debug] [2021-04-08T13:21:29.354Z] >>> [apiv2][query] GET https://www.gstatic.com/firebasejs/releases.json [none]
[debug] [2021-04-08T13:21:30.587Z] <<< [apiv2][status] GET https://www.gstatic.com/firebasejs/releases.json 200
[debug] [2021-04-08T13:21:30.587Z] <<< [apiv2][body] GET https://www.gstatic.com/firebasejs/releases.json {"current":{"version":"8.3.2","browserURL":"https://www.gstatic.com/firebasejs/8.3.2/firebase.js","packageURL":"https://www.gstatic.com/firebasejs/8.3.2/firebase.tgz"},"live":{"version":"8.3","browserURL":"https://www.gstatic.com/firebasejs/live/8.3/firebase.js","packageURL":"https://www.gstatic.com/firebasejs/live/8.3/firebase.tgz"},"components":{"analytics":"https://www.gstatic.com/firebasejs/8.3.2/firebase-analytics.js","app":"https://www.gstatic.com/firebasejs/8.3.2/firebase-app.js","auth":"https://www.gstatic.com/firebasejs/8.3.2/firebase-auth.js","database":"https://www.gstatic.com/firebasejs/8.3.2/firebase-database.js","firestore":"https://www.gstatic.com/firebasejs/8.3.2/firebase-firestore.js","functions":"https://www.gstatic.com/firebasejs/8.3.2/firebase-functions.js","installations":"https://www.gstatic.com/firebasejs/8.3.2/firebase-installations.js","messaging":"https://www.gstatic.com/firebasejs/8.3.2/firebase-messaging.js","storage":"https://www.gstatic.com/firebasejs/8.3.2/firebase-storage.js","performance":"https://www.gstatic.com/firebasejs/8.3.2/firebase-performance.js","remote-config":"https://www.gstatic.com/firebasejs/8.3.2/firebase-remote-config.js","firestore.memory":"https://www.gstatic.com/firebasejs/8.3.2/firebase-firestore.memory.js"}}
[info] +  Wrote dist/tic-tac-toe/index.html 
[info] 
[info] i  Detected a .git folder at C:\Users\A716420\Angular\tic-tac-toe 
[info] i  Authorizing with GitHub to upload your service account to a GitHub repository's secrets store. 
[info] 
[info] Visit this URL on this device to log in:
[info] https://github.com/login/oauth/authorize?client_id=89cf50f02ac6aaed3484&state=675884142&redirect_uri=http%3A%2F%2Flocalhost%3A9005&scope=read%3Auser%20repo%20public_repo
[info] 
[info] Waiting for authentication...
[debug] [2021-04-08T13:26:26.959Z] >>> HTTP REQUEST POST https://github.com/login/oauth/access_token  
 {"client_id":"89cf50f02ac6aaed3484","client_secret":"3330d14abc895d9a74d5f17cd7a00711fa2c5bf0","code":"499900afb7bdf9bf11be","redirect_uri":"http://localhost:9005","state":"675884142"}
[debug] [2021-04-08T13:26:27.550Z] <<< HTTP RESPONSE 200 {"server":"GitHub.com","date":"Thu, 08 Apr 2021 13:26:27 GMT","content-type":"application/json; charset=utf-8","transfer-encoding":"chunked","vary":"X-PJAX, Accept-Encoding, Accept, X-Requested-With","etag":"W/\"95e7da976f3b8ca7d127c2ebf8416524\"","cache-control":"max-age=0, private, must-revalidate","strict-transport-security":"max-age=31536000; includeSubdomains; preload","x-frame-options":"deny","x-content-type-options":"nosniff","x-xss-protection":"0","referrer-policy":"origin-when-cross-origin, strict-origin-when-cross-origin","expect-ct":"max-age=2592000, report-uri=\"https://api.github.com/_private/browser/errors\"","content-security-policy":"default-src 'none'; base-uri 'self'; block-all-mixed-content; connect-src 'self' uploads.github.com www.githubstatus.com collector.githubapp.com api.github.com github-cloud.s3.amazonaws.com github-production-repository-file-5c1aeb.s3.amazonaws.com github-production-upload-manifest-file-7fdce7.s3.amazonaws.com github-production-user-asset-6210df.s3.amazonaws.com cdn.optimizely.com logx.optimizely.com/v1/events wss://alive.github.com; font-src github.githubassets.com; form-action 'self' github.com gist.github.com; frame-ancestors 'none'; frame-src render.githubusercontent.com; img-src 'self' data: github.githubassets.com identicons.github.com collector.githubapp.com github-cloud.s3.amazonaws.com secured-user-images.githubusercontent.com/ *.githubusercontent.com; manifest-src 'self'; media-src 'none'; script-src github.githubassets.com; style-src 'unsafe-inline' github.githubassets.com; worker-src github.com/socket-worker-3f088aa2.js gist.github.com/socket-worker-3f088aa2.js","x-github-request-id":"ED77:5428:966E:1018E:606F0483"}
[debug] [2021-04-08T13:26:27.583Z] >>> [apiv2][query] GET https://api.github.com/user [none]
[debug] [2021-04-08T13:26:28.215Z] <<< [apiv2][status] GET https://api.github.com/user 200
[debug] [2021-04-08T13:26:28.215Z] <<< [apiv2][body] GET https://api.github.com/user {"login":"SushmaUttam","id":78597515,"node_id":"MDQ6VXNlcjc4NTk3NTE1","avatar_url":"https://avatars.githubusercontent.com/u/78597515?v=4","gravatar_id":"","url":"https://api.github.com/users/SushmaUttam","html_url":"https://github.com/SushmaUttam","followers_url":"https://api.github.com/users/SushmaUttam/followers","following_url":"https://api.github.com/users/SushmaUttam/following{/other_user}","gists_url":"https://api.github.com/users/SushmaUttam/gists{/gist_id}","starred_url":"https://api.github.com/users/SushmaUttam/starred{/owner}{/repo}","subscriptions_url":"https://api.github.com/users/SushmaUttam/subscriptions","organizations_url":"https://api.github.com/users/SushmaUttam/orgs","repos_url":"https://api.github.com/users/SushmaUttam/repos","events_url":"https://api.github.com/users/SushmaUttam/events{/privacy}","received_events_url":"https://api.github.com/users/SushmaUttam/received_events","type":"User","site_admin":false,"name":"Sushma Uttam","company":"Atos | Syntel","blog":"","location":"Pune","email":null,"hireable":true,"bio":null,"twitter_username":null,"public_repos":2,"public_gists":0,"followers":0,"following":1,"created_at":"2021-02-05T11:50:29Z","updated_at":"2021-04-08T13:26:26Z","private_gists":0,"total_private_repos":0,"owned_private_repos":0,"disk_usage":2123,"collaborators":0,"two_factor_authentication":false,"plan":{"name":"free","space":976562499,"collaborators":0,"private_repos":10000}}
[info] 
[info] +  Success! Logged into GitHub as SushmaUttam 
[info] 
[debug] [2021-04-08T13:27:14.793Z] >>> [apiv2][query] GET https://api.github.com/repos/tic-tac-toe/actions/secrets/public-key type=owner
[debug] [2021-04-08T13:27:20.281Z] <<< [apiv2][status] GET https://api.github.com/repos/tic-tac-toe/actions/secrets/public-key 404
[debug] [2021-04-08T13:27:20.281Z] <<< [apiv2][body] GET https://api.github.com/repos/tic-tac-toe/actions/secrets/public-key {"message":"Not Found","documentation_url":"https://docs.github.com/rest"}
